<?xml version="1.0"?>
<!DOCTYPE coverage SYSTEM "http://cobertura.sourceforge.net/xml/coverage-04.dtd">
<coverage line-rate="0.81" lines-covered="1821" lines-valid="1474" branches-covered="32" branches-valid="30" branch-rate="0.94" complexity="0" version="1.0" timestamp="1427193149181">
      <sources>
        <source>/src/main/scala</source>
      </sources>
      <packages>
        <package name="&lt;empty&gt;" line-rate="0.68" branch-rate="0.50" complexity="0">
      <classes>
        <class name="Routes" filename="target/scala-2.11/src_managed/main/routes_routing.scala" line-rate="0.68" branch-rate="0.50" complexity="0">
      <methods>
        <method name="&lt;empty&gt;/Routes/documentation" signature="()V" line-rate="0.00" branch-rate="0.00">
      <lines>
        <line number="111" hits="0" branch="false"/><line number="113" hits="0" branch="false"/><line number="111" hits="0" branch="false"/><line number="111" hits="0" branch="false"/><line number="111" hits="0" branch="false"/><line number="111" hits="0" branch="false"/><line number="111" hits="0" branch="false"/><line number="111" hits="0" branch="false"/><line number="111" hits="0" branch="false"/><line number="111" hits="0" branch="false"/><line number="111" hits="0" branch="false"/><line number="112" hits="0" branch="false"/><line number="111" hits="0" branch="false"/><line number="111" hits="0" branch="false"/><line number="111" hits="0" branch="false"/><line number="111" hits="0" branch="false"/><line number="111" hits="0" branch="false"/><line number="111" hits="0" branch="false"/><line number="112" hits="0" branch="false"/><line number="111" hits="0" branch="false"/><line number="111" hits="0" branch="false"/><line number="113" hits="0" branch="false"/><line number="111" hits="0" branch="false"/><line number="111" hits="0" branch="false"/><line number="111" hits="0" branch="false"/><line number="111" hits="0" branch="false"/><line number="111" hits="0" branch="false"/><line number="111" hits="0" branch="false"/><line number="111" hits="0" branch="false"/><line number="111" hits="0" branch="false"/><line number="111" hits="0" branch="false"/><line number="111" hits="0" branch="false"/><line number="111" hits="0" branch="false"/><line number="111" hits="0" branch="false"/><line number="111" hits="0" branch="false"/><line number="111" hits="0" branch="false"/><line number="111" hits="0" branch="false"/><line number="111" hits="0" branch="false"/><line number="111" hits="0" branch="false"/><line number="112" hits="0" branch="false"/><line number="111" hits="0" branch="false"/><line number="111" hits="0" branch="false"/><line number="111" hits="0" branch="false"/><line number="113" hits="0" branch="false"/><line number="111" hits="0" branch="false"/><line number="111" hits="0" branch="false"/><line number="111" hits="0" branch="false"/><line number="111" hits="0" branch="false"/><line number="111" hits="0" branch="false"/><line number="111" hits="0" branch="false"/><line number="111" hits="0" branch="false"/><line number="111" hits="0" branch="false"/><line number="111" hits="0" branch="false"/>
      </lines>
    </method><method name="&lt;empty&gt;/Routes/&lt;none&gt;" signature="()V" line-rate="0.80" branch-rate="0.50">
      <lines>
        <line number="108" hits="0" branch="false"/><line number="101" hits="0" branch="false"/><line number="66" hits="1" branch="false"/><line number="70" hits="1" branch="false"/><line number="94" hits="1" branch="false"/><line number="98" hits="1" branch="false"/><line number="52" hits="1" branch="false"/><line number="56" hits="1" branch="false"/><line number="87" hits="1" branch="false"/><line number="59" hits="1" branch="false"/><line number="91" hits="1" branch="false"/><line number="80" hits="1" branch="false"/><line number="84" hits="1" branch="false"/><line number="73" hits="1" branch="false"/><line number="77" hits="1" branch="false"/><line number="79" hits="0" branch="false"/><line number="99" hits="0" branch="false"/><line number="105" hits="1" branch="false"/><line number="57" hits="1" branch="false"/><line number="63" hits="1" branch="false"/><line number="38" hits="1" branch="false"/><line number="59" hits="1" branch="false"/><line number="72" hits="0" branch="false"/><line number="56" hits="1" branch="false"/><line number="63" hits="1" branch="false"/><line number="52" hits="1" branch="false"/><line number="66" hits="1" branch="false"/><line number="87" hits="1" branch="false"/><line number="80" hits="1" branch="false"/><line number="45" hits="1" branch="false"/><line number="49" hits="1" branch="false"/><line number="84" hits="1" branch="false"/><line number="73" hits="1" branch="false"/><line number="86" hits="0" branch="false"/><line number="77" hits="1" branch="false"/><line number="36" hits="1" branch="false"/><line number="42" hits="1" branch="false"/><line number="35" hits="1" branch="false"/><line number="64" hits="1" branch="false"/><line number="56" hits="1" branch="false"/><line number="43" hits="1" branch="false"/><line number="38" hits="1" branch="false"/><line number="42" hits="1" branch="false"/><line number="66" hits="1" branch="false"/><line number="45" hits="1" branch="false"/><line number="70" hits="1" branch="false"/><line number="35" hits="1" branch="false"/><line number="51" hits="0" branch="false"/><line number="31" hits="1" branch="false"/><line number="59" hits="1" branch="false"/><line number="63" hits="1" branch="false"/><line number="52" hits="1" branch="false"/><line number="45" hits="1" branch="false"/><line number="49" hits="1" branch="false"/><line number="38" hits="1" branch="false"/><line number="42" hits="1" branch="false"/><line number="31" hits="0" branch="false"/><line number="37" hits="0" branch="false"/><line number="101" hits="0" branch="false"/><line number="105" hits="1" branch="false"/><line number="108" hits="0" branch="false"/><line number="20" hits="1" branch="false"/><line number="100" hits="0" branch="false"/><line number="98" hits="1" branch="false"/><line number="87" hits="1" branch="false"/><line number="101" hits="0" branch="false"/><line number="78" hits="1" branch="false"/><line number="94" hits="1" branch="false"/><line number="86" hits="0" branch="false"/><line number="108" hits="0" branch="false"/><line number="80" hits="1" branch="false"/><line number="91" hits="1" branch="false"/><line number="105" hits="1" branch="false"/><line number="107" hits="0" branch="false"/><line number="84" hits="1" branch="false"/><line number="87" hits="1" branch="false"/><line number="108" hits="0" branch="false"/><line number="70" hits="1" branch="false"/><line number="72" hits="0" branch="false"/><line number="105" hits="1" branch="false"/><line number="94" hits="1" branch="false"/><line number="107" hits="0" branch="false"/><line number="98" hits="1" branch="false"/><line number="101" hits="0" branch="false"/><line number="63" hits="1" branch="false"/><line number="66" hits="1" branch="false"/><line number="85" hits="1" branch="false"/><line number="59" hits="1" branch="false"/><line number="93" hits="0" branch="false"/><line number="77" hits="1" branch="false"/><line number="80" hits="1" branch="false"/><line number="73" hits="1" branch="false"/><line number="73" hits="1" branch="false"/><line number="80" hits="1" branch="false"/><line number="79" hits="0" branch="false"/><line number="98" hits="1" branch="false"/><line number="38" hits="1" branch="false"/><line number="63" hits="1" branch="false"/><line number="50" hits="1" branch="false"/><line number="66" hits="1" branch="false"/><line number="91" hits="1" branch="false"/><line number="94" hits="1" branch="false"/><line number="58" hits="0" branch="false"/><line number="49" hits="1" branch="false"/><line number="59" hits="1" branch="false"/><line number="52" hits="1" branch="false"/><line number="84" hits="1" branch="false"/><line number="77" hits="1" branch="false"/><line number="87" hits="1" branch="false"/><line number="42" hits="1" branch="false"/><line number="45" hits="1" branch="false"/><line number="70" hits="1" branch="false"/><line number="59" hits="1" branch="false"/><line number="38" hits="1" branch="false"/><line number="52" hits="1" branch="false"/><line number="42" hits="1" branch="false"/><line number="45" hits="1" branch="false"/><line number="37" hits="0" branch="false"/><line number="64" hits="1" branch="false"/><line number="49" hits="1" branch="false"/><line number="77" hits="1" branch="false"/><line number="35" hits="1" branch="false"/><line number="70" hits="1" branch="false"/><line number="63" hits="1" branch="false"/><line number="73" hits="1" branch="false"/><line number="66" hits="1" branch="false"/><line number="56" hits="1" branch="false"/><line number="45" hits="1" branch="false"/><line number="56" hits="1" branch="false"/><line number="43" hits="1" branch="false"/><line number="49" hits="1" branch="false"/><line number="52" hits="1" branch="false"/><line number="35" hits="1" branch="false"/><line number="38" hits="1" branch="false"/><line number="107" hits="0" branch="false"/><line number="109" hits="0" branch="false"/><line number="105" hits="1" branch="false"/><line number="42" hits="1" branch="false"/><line number="100" hits="0" branch="false"/><line number="101" hits="0" branch="false"/><line number="84" hits="1" branch="false"/><line number="92" hits="1" branch="false"/><line number="31" hits="1" branch="false"/><line number="37" hits="0" branch="false"/><line number="108" hits="0" branch="false"/><line number="94" hits="1" branch="false"/><line number="87" hits="1" branch="false"/><line number="91" hits="1" branch="false"/><line number="106" hits="0" branch="false"/><line number="105" hits="1" branch="false"/><line number="84" hits="1" branch="false"/><line number="87" hits="1" branch="false"/><line number="80" hits="1" branch="false"/><line number="70" hits="1" branch="false"/><line number="78" hits="1" branch="false"/><line number="73" hits="1" branch="false"/><line number="105" hits="1" branch="false"/><line number="108" hits="0" branch="false"/><line number="65" hits="0" branch="false"/><line number="66" hits="1" branch="false"/><line number="91" hits="1" branch="false"/><line number="94" hits="1" branch="false"/><line number="98" hits="1" branch="false"/><line number="77" hits="1" branch="false"/><line number="101" hits="0" branch="false"/><line number="99" hits="0" branch="false"/><line number="98" hits="1" branch="false"/><line number="94" hits="1" branch="false"/><line number="49" hits="1" branch="false"/><line number="52" hits="1" branch="false"/><line number="56" hits="1" branch="false"/><line number="77" hits="1" branch="false"/><line number="80" hits="1" branch="false"/><line number="84" hits="1" branch="false"/><line number="72" hits="0" branch="false"/><line number="73" hits="1" branch="false"/><line number="66" hits="1" branch="false"/><line number="70" hits="1" branch="false"/><line number="101" hits="0" branch="false"/><line number="91" hits="1" branch="false"/><line number="59" hits="1" branch="false"/><line number="63" hits="1" branch="false"/><line number="87" hits="1" branch="false"/><line number="85" hits="1" branch="false"/><line number="44" hits="0" branch="false"/><line number="45" hits="1" branch="false"/><line number="70" hits="1" branch="false"/><line number="59" hits="1" branch="false"/><line number="50" hits="1" branch="false"/><line number="80" hits="1" branch="false"/><line number="38" hits="1" branch="false"/><line number="42" hits="1" branch="false"/><line number="66" hits="1" branch="false"/><line number="52" hits="1" branch="false"/><line number="79" hits="0" branch="false"/><line number="45" hits="1" branch="false"/><line number="35" hits="1" branch="false"/><line number="49" hits="1" branch="false"/><line number="73" hits="1" branch="false"/><line number="63" hits="1" branch="false"/><line number="71" hits="1" branch="false"/><line number="31" hits="1" branch="false"/><line number="56" hits="1" branch="false"/><line number="45" hits="1" branch="false"/><line number="37" hits="0" branch="false"/><line number="38" hits="1" branch="false"/><line number="52" hits="1" branch="false"/><line number="56" hits="1" branch="false"/><line number="49" hits="1" branch="false"/><line number="31" hits="0" branch="false"/><line number="59" hits="1" branch="false"/><line number="57" hits="1" branch="false"/><line number="42" hits="1" branch="false"/><line number="101" hits="0" branch="false"/><line number="98" hits="1" branch="false"/><line number="38" hits="1" branch="false"/><line number="36" hits="1" branch="false"/><line number="107" hits="0" branch="false"/><line number="108" hits="0" branch="false"/><line number="35" hits="1" branch="false"/><line number="105" hits="1" branch="false"/><line number="94" hits="1" branch="false"/><line number="91" hits="1" branch="false"/><line number="92" hits="1" branch="false"/><line number="87" hits="1" branch="false"/><line number="98" hits="1" branch="false"/><line number="91" hits="1" branch="false"/><line number="80" hits="1" branch="false"/><line number="84" hits="1" branch="false"/><line number="108" hits="0" branch="false"/><line number="106" hits="0" branch="false"/><line number="77" hits="1" branch="false"/><line number="73" hits="1" branch="false"/><line number="94" hits="1" branch="false"/><line number="71" hits="1" branch="false"/><line number="101" hits="0" branch="false"/><line number="105" hits="1" branch="false"/>
      </lines>
    </method><method name="&lt;empty&gt;/Routes/prefix" signature="()V" line-rate="1.00" branch-rate="1.00">
      <lines>
        <line number="29" hits="1" branch="false"/>
      </lines>
    </method><method name="&lt;empty&gt;/Routes/routes" signature="()V" line-rate="0.77" branch-rate="1.00">
      <lines>
        <line number="161" hits="1" branch="false"/><line number="169" hits="1" branch="false"/><line number="201" hits="0" branch="false"/><line number="201" hits="0" branch="false"/><line number="177" hits="1" branch="false"/><line number="185" hits="1" branch="false"/><line number="201" hits="0" branch="false"/><line number="169" hits="1" branch="false"/><line number="177" hits="1" branch="false"/><line number="154" hits="1" branch="false"/><line number="193" hits="0" branch="false"/><line number="161" hits="1" branch="false"/><line number="130" hits="1" branch="false"/><line number="121" hits="1" branch="false"/><line number="161" hits="1" branch="false"/><line number="194" hits="0" branch="false"/><line number="202" hits="0" branch="false"/><line number="170" hits="1" branch="false"/><line number="177" hits="1" branch="false"/><line number="161" hits="1" branch="false"/><line number="121" hits="1" branch="false"/><line number="121" hits="1" branch="false"/><line number="138" hits="1" branch="false"/><line number="146" hits="1" branch="false"/><line number="122" hits="1" branch="false"/><line number="121" hits="1" branch="false"/><line number="169" hits="1" branch="false"/><line number="194" hits="0" branch="false"/><line number="201" hits="0" branch="false"/><line number="178" hits="1" branch="false"/><line number="121" hits="1" branch="false"/><line number="202" hits="0" branch="false"/><line number="161" hits="1" branch="false"/><line number="201" hits="0" branch="false"/><line number="146" hits="1" branch="false"/><line number="186" hits="1" branch="false"/><line number="169" hits="1" branch="false"/><line number="122" hits="1" branch="false"/><line number="169" hits="1" branch="false"/><line number="161" hits="1" branch="false"/><line number="169" hits="1" branch="false"/><line number="154" hits="1" branch="false"/><line number="177" hits="1" branch="false"/><line number="193" hits="0" branch="false"/><line number="201" hits="0" branch="false"/><line number="130" hits="1" branch="false"/><line number="121" hits="1" branch="false"/><line number="121" hits="1" branch="false"/><line number="138" hits="1" branch="false"/><line number="161" hits="1" branch="false"/><line number="121" hits="1" branch="false"/><line number="162" hits="1" branch="false"/><line number="201" hits="0" branch="false"/><line number="117" hits="1" branch="false"/><line number="153" hits="1" branch="false"/><line number="121" hits="1" branch="false"/><line number="201" hits="0" branch="false"/><line number="193" hits="0" branch="false"/><line number="162" hits="1" branch="false"/><line number="169" hits="1" branch="false"/><line number="129" hits="1" branch="false"/><line number="178" hits="1" branch="false"/><line number="169" hits="1" branch="false"/><line number="202" hits="0" branch="false"/><line number="170" hits="1" branch="false"/><line number="137" hits="1" branch="false"/><line number="161" hits="1" branch="false"/><line number="121" hits="1" branch="false"/><line number="121" hits="1" branch="false"/><line number="186" hits="1" branch="false"/><line number="193" hits="0" branch="false"/><line number="193" hits="0" branch="false"/><line number="177" hits="1" branch="false"/><line number="145" hits="1" branch="false"/><line number="161" hits="1" branch="false"/><line number="121" hits="1" branch="false"/><line number="121" hits="1" branch="false"/><line number="169" hits="1" branch="false"/>
      </lines>
    </method><method name="&lt;empty&gt;/Routes/setPrefix" signature="()V" line-rate="0.50" branch-rate="1.00">
      <lines>
        <line number="25" hits="0" branch="false"/><line number="25" hits="0" branch="false"/><line number="23" hits="1" branch="false"/><line number="24" hits="1" branch="false"/>
      </lines>
    </method>
      </methods>
      <lines>
        <line number="108" hits="0" branch="false"/><line number="101" hits="0" branch="false"/><line number="66" hits="1" branch="false"/><line number="70" hits="1" branch="false"/><line number="94" hits="1" branch="false"/><line number="98" hits="1" branch="false"/><line number="52" hits="1" branch="false"/><line number="56" hits="1" branch="false"/><line number="87" hits="1" branch="false"/><line number="59" hits="1" branch="false"/><line number="91" hits="1" branch="false"/><line number="80" hits="1" branch="false"/><line number="84" hits="1" branch="false"/><line number="73" hits="1" branch="false"/><line number="77" hits="1" branch="false"/><line number="79" hits="0" branch="false"/><line number="99" hits="0" branch="false"/><line number="105" hits="1" branch="false"/><line number="57" hits="1" branch="false"/><line number="63" hits="1" branch="false"/><line number="38" hits="1" branch="false"/><line number="59" hits="1" branch="false"/><line number="72" hits="0" branch="false"/><line number="161" hits="1" branch="false"/><line number="169" hits="1" branch="false"/><line number="56" hits="1" branch="false"/><line number="63" hits="1" branch="false"/><line number="52" hits="1" branch="false"/><line number="66" hits="1" branch="false"/><line number="87" hits="1" branch="false"/><line number="80" hits="1" branch="false"/><line number="45" hits="1" branch="false"/><line number="201" hits="0" branch="false"/><line number="49" hits="1" branch="false"/><line number="84" hits="1" branch="false"/><line number="73" hits="1" branch="false"/><line number="86" hits="0" branch="false"/><line number="77" hits="1" branch="false"/><line number="201" hits="0" branch="false"/><line number="36" hits="1" branch="false"/><line number="177" hits="1" branch="false"/><line number="25" hits="0" branch="false"/><line number="42" hits="1" branch="false"/><line number="35" hits="1" branch="false"/><line number="185" hits="1" branch="false"/><line number="64" hits="1" branch="false"/><line number="56" hits="1" branch="false"/><line number="43" hits="1" branch="false"/><line number="111" hits="0" branch="false"/><line number="113" hits="0" branch="false"/><line number="201" hits="0" branch="false"/><line number="38" hits="1" branch="false"/><line number="169" hits="1" branch="false"/><line number="42" hits="1" branch="false"/><line number="177" hits="1" branch="false"/><line number="66" hits="1" branch="false"/><line number="45" hits="1" branch="false"/><line number="70" hits="1" branch="false"/><line number="154" hits="1" branch="false"/><line number="193" hits="0" branch="false"/><line number="35" hits="1" branch="false"/><line number="161" hits="1" branch="false"/><line number="130" hits="1" branch="false"/><line number="51" hits="0" branch="false"/><line number="111" hits="0" branch="false"/><line number="111" hits="0" branch="false"/><line number="31" hits="1" branch="false"/><line number="59" hits="1" branch="false"/><line number="63" hits="1" branch="false"/><line number="121" hits="1" branch="false"/><line number="52" hits="1" branch="false"/><line number="111" hits="0" branch="false"/><line number="161" hits="1" branch="false"/><line number="111" hits="0" branch="false"/><line number="111" hits="0" branch="false"/><line number="45" hits="1" branch="false"/><line number="194" hits="0" branch="false"/><line number="49" hits="1" branch="false"/><line number="202" hits="0" branch="false"/><line number="38" hits="1" branch="false"/><line number="42" hits="1" branch="false"/><line number="111" hits="0" branch="false"/><line number="111" hits="0" branch="false"/><line number="170" hits="1" branch="false"/><line number="177" hits="1" branch="false"/><line number="31" hits="0" branch="false"/><line number="161" hits="1" branch="false"/><line number="37" hits="0" branch="false"/><line number="101" hits="0" branch="false"/><line number="105" hits="1" branch="false"/><line number="121" hits="1" branch="false"/><line number="108" hits="0" branch="false"/><line number="121" hits="1" branch="false"/><line number="20" hits="1" branch="false"/><line number="138" hits="1" branch="false"/><line number="100" hits="0" branch="false"/><line number="111" hits="0" branch="false"/><line number="98" hits="1" branch="false"/><line number="87" hits="1" branch="false"/><line number="101" hits="0" branch="false"/><line number="111" hits="0" branch="false"/><line number="112" hits="0" branch="false"/><line number="78" hits="1" branch="false"/><line number="94" hits="1" branch="false"/><line number="86" hits="0" branch="false"/><line number="108" hits="0" branch="false"/><line number="146" hits="1" branch="false"/><line number="80" hits="1" branch="false"/><line number="122" hits="1" branch="false"/><line number="91" hits="1" branch="false"/><line number="111" hits="0" branch="false"/><line number="111" hits="0" branch="false"/><line number="111" hits="0" branch="false"/><line number="105" hits="1" branch="false"/><line number="111" hits="0" branch="false"/><line number="107" hits="0" branch="false"/><line number="121" hits="1" branch="false"/><line number="84" hits="1" branch="false"/><line number="87" hits="1" branch="false"/><line number="108" hits="0" branch="false"/><line number="111" hits="0" branch="false"/><line number="70" hits="1" branch="false"/><line number="72" hits="0" branch="false"/><line number="105" hits="1" branch="false"/><line number="94" hits="1" branch="false"/><line number="107" hits="0" branch="false"/><line number="98" hits="1" branch="false"/><line number="101" hits="0" branch="false"/><line number="63" hits="1" branch="false"/><line number="66" hits="1" branch="false"/><line number="85" hits="1" branch="false"/><line number="59" hits="1" branch="false"/><line number="93" hits="0" branch="false"/><line number="77" hits="1" branch="false"/><line number="80" hits="1" branch="false"/><line number="73" hits="1" branch="false"/><line number="111" hits="0" branch="false"/><line number="73" hits="1" branch="false"/><line number="169" hits="1" branch="false"/><line number="80" hits="1" branch="false"/><line number="79" hits="0" branch="false"/><line number="98" hits="1" branch="false"/><line number="194" hits="0" branch="false"/><line number="38" hits="1" branch="false"/><line number="63" hits="1" branch="false"/><line number="50" hits="1" branch="false"/><line number="66" hits="1" branch="false"/><line number="91" hits="1" branch="false"/><line number="94" hits="1" branch="false"/><line number="58" hits="0" branch="false"/><line number="49" hits="1" branch="false"/><line number="59" hits="1" branch="false"/><line number="52" hits="1" branch="false"/><line number="84" hits="1" branch="false"/><line number="77" hits="1" branch="false"/><line number="87" hits="1" branch="false"/><line number="201" hits="0" branch="false"/><line number="42" hits="1" branch="false"/><line number="178" hits="1" branch="false"/><line number="45" hits="1" branch="false"/><line number="70" hits="1" branch="false"/><line number="59" hits="1" branch="false"/><line number="112" hits="0" branch="false"/><line number="121" hits="1" branch="false"/><line number="202" hits="0" branch="false"/><line number="38" hits="1" branch="false"/><line number="52" hits="1" branch="false"/><line number="42" hits="1" branch="false"/><line number="45" hits="1" branch="false"/><line number="111" hits="0" branch="false"/><line number="161" hits="1" branch="false"/><line number="201" hits="0" branch="false"/><line number="37" hits="0" branch="false"/><line number="64" hits="1" branch="false"/><line number="146" hits="1" branch="false"/><line number="49" hits="1" branch="false"/><line number="77" hits="1" branch="false"/><line number="186" hits="1" branch="false"/><line number="35" hits="1" branch="false"/><line number="70" hits="1" branch="false"/><line number="63" hits="1" branch="false"/><line number="73" hits="1" branch="false"/><line number="66" hits="1" branch="false"/><line number="169" hits="1" branch="false"/><line number="122" hits="1" branch="false"/><line number="169" hits="1" branch="false"/><line number="25" hits="0" branch="false"/><line number="56" hits="1" branch="false"/><line number="45" hits="1" branch="false"/><line number="161" hits="1" branch="false"/><line number="169" hits="1" branch="false"/><line number="56" hits="1" branch="false"/><line number="111" hits="0" branch="false"/><line number="154" hits="1" branch="false"/><line number="113" hits="0" branch="false"/><line number="43" hits="1" branch="false"/><line number="49" hits="1" branch="false"/><line number="52" hits="1" branch="false"/><line number="111" hits="0" branch="false"/><line number="111" hits="0" branch="false"/><line number="111" hits="0" branch="false"/><line number="177" hits="1" branch="false"/><line number="193" hits="0" branch="false"/><line number="35" hits="1" branch="false"/><line number="38" hits="1" branch="false"/><line number="201" hits="0" branch="false"/><line number="111" hits="0" branch="false"/><line number="107" hits="0" branch="false"/><line number="109" hits="0" branch="false"/><line number="130" hits="1" branch="false"/><line number="29" hits="1" branch="false"/><line number="105" hits="1" branch="false"/><line number="121" hits="1" branch="false"/><line number="42" hits="1" branch="false"/><line number="100" hits="0" branch="false"/><line number="101" hits="0" branch="false"/><line number="111" hits="0" branch="false"/><line number="84" hits="1" branch="false"/><line number="92" hits="1" branch="false"/><line number="31" hits="1" branch="false"/><line number="37" hits="0" branch="false"/><line number="108" hits="0" branch="false"/><line number="121" hits="1" branch="false"/><line number="138" hits="1" branch="false"/><line number="161" hits="1" branch="false"/><line number="94" hits="1" branch="false"/><line number="121" hits="1" branch="false"/><line number="111" hits="0" branch="false"/><line number="111" hits="0" branch="false"/><line number="87" hits="1" branch="false"/><line number="91" hits="1" branch="false"/><line number="106" hits="0" branch="false"/><line number="111" hits="0" branch="false"/><line number="105" hits="1" branch="false"/><line number="111" hits="0" branch="false"/><line number="162" hits="1" branch="false"/><line number="84" hits="1" branch="false"/><line number="87" hits="1" branch="false"/><line number="111" hits="0" branch="false"/><line number="111" hits="0" branch="false"/><line number="111" hits="0" branch="false"/><line number="80" hits="1" branch="false"/><line number="70" hits="1" branch="false"/><line number="78" hits="1" branch="false"/><line number="73" hits="1" branch="false"/><line number="105" hits="1" branch="false"/><line number="108" hits="0" branch="false"/><line number="65" hits="0" branch="false"/><line number="66" hits="1" branch="false"/><line number="91" hits="1" branch="false"/><line number="94" hits="1" branch="false"/><line number="98" hits="1" branch="false"/><line number="77" hits="1" branch="false"/><line number="101" hits="0" branch="false"/><line number="99" hits="0" branch="false"/><line number="111" hits="0" branch="false"/><line number="98" hits="1" branch="false"/><line number="94" hits="1" branch="false"/><line number="49" hits="1" branch="false"/><line number="52" hits="1" branch="false"/><line number="56" hits="1" branch="false"/><line number="77" hits="1" branch="false"/><line number="80" hits="1" branch="false"/><line number="84" hits="1" branch="false"/><line number="201" hits="0" branch="false"/><line number="72" hits="0" branch="false"/><line number="73" hits="1" branch="false"/><line number="66" hits="1" branch="false"/><line number="70" hits="1" branch="false"/><line number="101" hits="0" branch="false"/><line number="91" hits="1" branch="false"/><line number="59" hits="1" branch="false"/><line number="63" hits="1" branch="false"/><line number="87" hits="1" branch="false"/><line number="85" hits="1" branch="false"/><line number="117" hits="1" branch="false"/><line number="44" hits="0" branch="false"/><line number="45" hits="1" branch="false"/><line number="70" hits="1" branch="false"/><line number="59" hits="1" branch="false"/><line number="153" hits="1" branch="false"/><line number="121" hits="1" branch="false"/><line number="50" hits="1" branch="false"/><line number="80" hits="1" branch="false"/><line number="38" hits="1" branch="false"/><line number="201" hits="0" branch="false"/><line number="42" hits="1" branch="false"/><line number="66" hits="1" branch="false"/><line number="52" hits="1" branch="false"/><line number="79" hits="0" branch="false"/><line number="45" hits="1" branch="false"/><line number="193" hits="0" branch="false"/><line number="35" hits="1" branch="false"/><line number="49" hits="1" branch="false"/><line number="73" hits="1" branch="false"/><line number="63" hits="1" branch="false"/><line number="71" hits="1" branch="false"/><line number="162" hits="1" branch="false"/><line number="169" hits="1" branch="false"/><line number="129" hits="1" branch="false"/><line number="178" hits="1" branch="false"/><line number="31" hits="1" branch="false"/><line number="56" hits="1" branch="false"/><line number="45" hits="1" branch="false"/><line number="111" hits="0" branch="false"/><line number="37" hits="0" branch="false"/><line number="169" hits="1" branch="false"/><line number="202" hits="0" branch="false"/><line number="38" hits="1" branch="false"/><line number="170" hits="1" branch="false"/><line number="23" hits="1" branch="false"/><line number="111" hits="0" branch="false"/><line number="137" hits="1" branch="false"/><line number="161" hits="1" branch="false"/><line number="121" hits="1" branch="false"/><line number="52" hits="1" branch="false"/><line number="56" hits="1" branch="false"/><line number="111" hits="0" branch="false"/><line number="121" hits="1" branch="false"/><line number="111" hits="0" branch="false"/><line number="186" hits="1" branch="false"/><line number="112" hits="0" branch="false"/><line number="193" hits="0" branch="false"/><line number="49" hits="1" branch="false"/><line number="111" hits="0" branch="false"/><line number="31" hits="0" branch="false"/><line number="59" hits="1" branch="false"/><line number="57" hits="1" branch="false"/><line number="42" hits="1" branch="false"/><line number="101" hits="0" branch="false"/><line number="111" hits="0" branch="false"/><line number="98" hits="1" branch="false"/><line number="111" hits="0" branch="false"/><line number="193" hits="0" branch="false"/><line number="38" hits="1" branch="false"/><line number="36" hits="1" branch="false"/><line number="107" hits="0" branch="false"/><line number="108" hits="0" branch="false"/><line number="177" hits="1" branch="false"/><line number="145" hits="1" branch="false"/><line number="24" hits="1" branch="false"/><line number="35" hits="1" branch="false"/><line number="161" hits="1" branch="false"/><line number="105" hits="1" branch="false"/><line number="94" hits="1" branch="false"/><line number="113" hits="0" branch="false"/><line number="121" hits="1" branch="false"/><line number="111" hits="0" branch="false"/><line number="121" hits="1" branch="false"/><line number="91" hits="1" branch="false"/><line number="111" hits="0" branch="false"/><line number="111" hits="0" branch="false"/><line number="169" hits="1" branch="false"/><line number="92" hits="1" branch="false"/><line number="87" hits="1" branch="false"/><line number="98" hits="1" branch="false"/><line number="91" hits="1" branch="false"/><line number="111" hits="0" branch="false"/><line number="111" hits="0" branch="false"/><line number="111" hits="0" branch="false"/><line number="80" hits="1" branch="false"/><line number="84" hits="1" branch="false"/><line number="108" hits="0" branch="false"/><line number="106" hits="0" branch="false"/><line number="77" hits="1" branch="false"/><line number="73" hits="1" branch="false"/><line number="94" hits="1" branch="false"/><line number="111" hits="0" branch="false"/><line number="111" hits="0" branch="false"/><line number="71" hits="1" branch="false"/><line number="101" hits="0" branch="false"/><line number="105" hits="1" branch="false"/><line number="111" hits="0" branch="false"/>
      </lines>
    </class>
      </classes>
    </package><package name="controllers" line-rate="0.96" branch-rate="0.94" complexity="0">
      <classes>
        <class name="ReverseAssets" filename="target/scala-2.11/src_managed/main/routes_reverseRouting.scala" line-rate="1.00" branch-rate="1.00" complexity="0">
      <methods>
        <method name="controllers/ReverseAssets/at" signature="()V" line-rate="1.00" branch-rate="1.00">
      <lines>
        <line number="37" hits="1" branch="false"/><line number="36" hits="1" branch="false"/><line number="37" hits="1" branch="false"/><line number="37" hits="1" branch="false"/><line number="36" hits="1" branch="false"/><line number="36" hits="1" branch="false"/><line number="37" hits="1" branch="false"/><line number="37" hits="1" branch="false"/>
      </lines>
    </method>
      </methods>
      <lines>
        <line number="37" hits="1" branch="false"/><line number="36" hits="1" branch="false"/><line number="37" hits="1" branch="false"/><line number="37" hits="1" branch="false"/><line number="36" hits="1" branch="false"/><line number="36" hits="1" branch="false"/><line number="37" hits="1" branch="false"/><line number="37" hits="1" branch="false"/>
      </lines>
    </class><class name="ReverseApplication" filename="target/scala-2.11/src_managed/main/routes_reverseRouting.scala" line-rate="1.00" branch-rate="1.00" complexity="0">
      <methods>
        <method name="controllers/ReverseApplication/home" signature="()V" line-rate="1.00" branch-rate="1.00">
      <lines>
        <line number="116" hits="1" branch="false"/><line number="116" hits="1" branch="false"/><line number="116" hits="1" branch="false"/><line number="116" hits="1" branch="false"/><line number="116" hits="1" branch="false"/><line number="116" hits="1" branch="false"/><line number="116" hits="1" branch="false"/><line number="116" hits="1" branch="false"/><line number="116" hits="1" branch="false"/><line number="116" hits="1" branch="false"/><line number="116" hits="1" branch="false"/><line number="116" hits="1" branch="false"/><line number="116" hits="1" branch="false"/><line number="116" hits="1" branch="false"/><line number="116" hits="1" branch="false"/><line number="116" hits="1" branch="false"/><line number="116" hits="1" branch="false"/><line number="116" hits="1" branch="false"/><line number="116" hits="1" branch="false"/><line number="116" hits="1" branch="false"/><line number="116" hits="1" branch="false"/><line number="116" hits="1" branch="false"/><line number="116" hits="1" branch="false"/>
      </lines>
    </method><method name="controllers/ReverseApplication/updateprofile" signature="()V" line-rate="1.00" branch-rate="1.00">
      <lines>
        <line number="102" hits="1" branch="false"/><line number="102" hits="1" branch="false"/><line number="102" hits="1" branch="false"/><line number="102" hits="1" branch="false"/><line number="102" hits="1" branch="false"/><line number="102" hits="1" branch="false"/><line number="102" hits="1" branch="false"/><line number="102" hits="1" branch="false"/><line number="102" hits="1" branch="false"/><line number="102" hits="1" branch="false"/>
      </lines>
    </method><method name="controllers/ReverseApplication/myprofile" signature="()V" line-rate="1.00" branch-rate="1.00">
      <lines>
        <line number="74" hits="1" branch="false"/><line number="74" hits="1" branch="false"/><line number="74" hits="1" branch="false"/><line number="74" hits="1" branch="false"/><line number="74" hits="1" branch="false"/><line number="74" hits="1" branch="false"/><line number="74" hits="1" branch="false"/><line number="74" hits="1" branch="false"/><line number="74" hits="1" branch="false"/><line number="74" hits="1" branch="false"/>
      </lines>
    </method><method name="controllers/ReverseApplication/update" signature="()V" line-rate="1.00" branch-rate="1.00">
      <lines>
        <line number="95" hits="1" branch="false"/><line number="95" hits="1" branch="false"/><line number="95" hits="1" branch="false"/><line number="95" hits="1" branch="false"/><line number="95" hits="1" branch="false"/><line number="95" hits="1" branch="false"/><line number="95" hits="1" branch="false"/><line number="95" hits="1" branch="false"/>
      </lines>
    </method><method name="controllers/ReverseApplication/uploadFile" signature="()V" line-rate="1.00" branch-rate="1.00">
      <lines>
        <line number="60" hits="1" branch="false"/><line number="60" hits="1" branch="false"/><line number="60" hits="1" branch="false"/><line number="60" hits="1" branch="false"/><line number="60" hits="1" branch="false"/><line number="60" hits="1" branch="false"/><line number="60" hits="1" branch="false"/><line number="60" hits="1" branch="false"/>
      </lines>
    </method><method name="controllers/ReverseApplication/logout" signature="()V" line-rate="1.00" branch-rate="1.00">
      <lines>
        <line number="81" hits="1" branch="false"/><line number="81" hits="1" branch="false"/><line number="81" hits="1" branch="false"/>
      </lines>
    </method><method name="controllers/ReverseApplication/login" signature="()V" line-rate="1.00" branch-rate="1.00">
      <lines>
        <line number="123" hits="1" branch="false"/><line number="123" hits="1" branch="false"/><line number="123" hits="1" branch="false"/>
      </lines>
    </method><method name="controllers/ReverseApplication/registerme" signature="()V" line-rate="1.00" branch-rate="1.00">
      <lines>
        <line number="67" hits="1" branch="false"/><line number="67" hits="1" branch="false"/><line number="67" hits="1" branch="false"/>
      </lines>
    </method><method name="controllers/ReverseApplication/authenticate" signature="()V" line-rate="1.00" branch-rate="1.00">
      <lines>
        <line number="109" hits="1" branch="false"/><line number="109" hits="1" branch="false"/><line number="109" hits="1" branch="false"/>
      </lines>
    </method><method name="controllers/ReverseApplication/register" signature="()V" line-rate="1.00" branch-rate="1.00">
      <lines>
        <line number="88" hits="1" branch="false"/><line number="88" hits="1" branch="false"/><line number="88" hits="1" branch="false"/>
      </lines>
    </method>
      </methods>
      <lines>
        <line number="74" hits="1" branch="false"/><line number="88" hits="1" branch="false"/><line number="60" hits="1" branch="false"/><line number="116" hits="1" branch="false"/><line number="116" hits="1" branch="false"/><line number="95" hits="1" branch="false"/><line number="102" hits="1" branch="false"/><line number="116" hits="1" branch="false"/><line number="74" hits="1" branch="false"/><line number="95" hits="1" branch="false"/><line number="116" hits="1" branch="false"/><line number="67" hits="1" branch="false"/><line number="109" hits="1" branch="false"/><line number="60" hits="1" branch="false"/><line number="123" hits="1" branch="false"/><line number="116" hits="1" branch="false"/><line number="102" hits="1" branch="false"/><line number="74" hits="1" branch="false"/><line number="60" hits="1" branch="false"/><line number="95" hits="1" branch="false"/><line number="102" hits="1" branch="false"/><line number="81" hits="1" branch="false"/><line number="116" hits="1" branch="false"/><line number="123" hits="1" branch="false"/><line number="116" hits="1" branch="false"/><line number="116" hits="1" branch="false"/><line number="81" hits="1" branch="false"/><line number="95" hits="1" branch="false"/><line number="60" hits="1" branch="false"/><line number="74" hits="1" branch="false"/><line number="102" hits="1" branch="false"/><line number="116" hits="1" branch="false"/><line number="88" hits="1" branch="false"/><line number="116" hits="1" branch="false"/><line number="102" hits="1" branch="false"/><line number="74" hits="1" branch="false"/><line number="116" hits="1" branch="false"/><line number="95" hits="1" branch="false"/><line number="60" hits="1" branch="false"/><line number="116" hits="1" branch="false"/><line number="67" hits="1" branch="false"/><line number="116" hits="1" branch="false"/><line number="102" hits="1" branch="false"/><line number="109" hits="1" branch="false"/><line number="74" hits="1" branch="false"/><line number="95" hits="1" branch="false"/><line number="60" hits="1" branch="false"/><line number="123" hits="1" branch="false"/><line number="102" hits="1" branch="false"/><line number="116" hits="1" branch="false"/><line number="88" hits="1" branch="false"/><line number="116" hits="1" branch="false"/><line number="102" hits="1" branch="false"/><line number="74" hits="1" branch="false"/><line number="116" hits="1" branch="false"/><line number="109" hits="1" branch="false"/><line number="116" hits="1" branch="false"/><line number="95" hits="1" branch="false"/><line number="60" hits="1" branch="false"/><line number="102" hits="1" branch="false"/><line number="74" hits="1" branch="false"/><line number="74" hits="1" branch="false"/><line number="60" hits="1" branch="false"/><line number="116" hits="1" branch="false"/><line number="116" hits="1" branch="false"/><line number="81" hits="1" branch="false"/><line number="116" hits="1" branch="false"/><line number="95" hits="1" branch="false"/><line number="102" hits="1" branch="false"/><line number="67" hits="1" branch="false"/><line number="74" hits="1" branch="false"/><line number="116" hits="1" branch="false"/><line number="116" hits="1" branch="false"/><line number="116" hits="1" branch="false"/>
      </lines>
    </class><class name="Application" filename="app/controllers/Application.scala" line-rate="0.95" branch-rate="0.90" complexity="0">
      <methods>
        <method name="controllers/Application/uploadFile" signature="()V" line-rate="0.72" branch-rate="1.00">
      <lines>
        <line number="224" hits="1" branch="false"/><line number="227" hits="1" branch="false"/><line number="208" hits="1" branch="false"/><line number="223" hits="1" branch="false"/><line number="216" hits="0" branch="false"/><line number="211" hits="1" branch="false"/><line number="212" hits="1" branch="false"/><line number="221" hits="1" branch="false"/><line number="227" hits="1" branch="false"/><line number="217" hits="0" branch="false"/><line number="217" hits="0" branch="false"/><line number="206" hits="1" branch="false"/><line number="215" hits="1" branch="false"/><line number="227" hits="1" branch="false"/><line number="217" hits="0" branch="false"/><line number="221" hits="1" branch="false"/><line number="204" hits="1" branch="false"/><line number="214" hits="1" branch="false"/><line number="225" hits="1" branch="false"/><line number="216" hits="0" branch="false"/><line number="217" hits="0" branch="false"/><line number="208" hits="1" branch="false"/><line number="221" hits="1" branch="false"/><line number="210" hits="1" branch="false"/><line number="227" hits="1" branch="false"/><line number="216" hits="0" branch="false"/><line number="209" hits="1" branch="false"/><line number="216" hits="0" branch="false"/><line number="221" hits="1" branch="false"/><line number="227" hits="1" branch="false"/><line number="217" hits="0" branch="false"/><line number="221" hits="1" branch="false"/><line number="227" hits="1" branch="false"/><line number="214" hits="1" branch="false"/><line number="208" hits="1" branch="false"/><line number="216" hits="0" branch="false"/><line number="225" hits="1" branch="false"/><line number="204" hits="1" branch="false"/><line number="217" hits="0" branch="false"/>
      </lines>
    </method><method name="controllers/Application/login" signature="()V" line-rate="1.00" branch-rate="1.00">
      <lines>
        <line number="62" hits="1" branch="false"/><line number="62" hits="1" branch="false"/><line number="62" hits="1" branch="false"/><line number="62" hits="1" branch="false"/><line number="62" hits="1" branch="false"/><line number="62" hits="1" branch="false"/><line number="62" hits="1" branch="false"/><line number="61" hits="1" branch="false"/><line number="62" hits="1" branch="false"/><line number="62" hits="1" branch="false"/>
      </lines>
    </method><method name="controllers/Application/home" signature="()V" line-rate="1.00" branch-rate="1.00">
      <lines>
        <line number="55" hits="1" branch="false"/><line number="54" hits="1" branch="false"/><line number="55" hits="1" branch="false"/><line number="55" hits="1" branch="false"/><line number="55" hits="1" branch="false"/><line number="55" hits="1" branch="false"/><line number="55" hits="1" branch="false"/>
      </lines>
    </method><method name="controllers/Application/authenticate" signature="()V" line-rate="1.00" branch-rate="1.00">
      <lines>
        <line number="162" hits="1" branch="false"/><line number="154" hits="1" branch="false"/><line number="159" hits="1" branch="false"/><line number="161" hits="1" branch="false"/><line number="157" hits="1" branch="false"/><line number="157" hits="1" branch="false"/><line number="156" hits="1" branch="false"/><line number="157" hits="1" branch="false"/><line number="161" hits="1" branch="false"/><line number="162" hits="1" branch="false"/><line number="154" hits="1" branch="false"/><line number="160" hits="1" branch="false"/><line number="164" hits="1" branch="false"/><line number="161" hits="1" branch="false"/><line number="162" hits="1" branch="false"/><line number="157" hits="1" branch="false"/><line number="159" hits="1" branch="false"/><line number="161" hits="1" branch="false"/><line number="162" hits="1" branch="false"/><line number="164" hits="1" branch="false"/><line number="161" hits="1" branch="false"/><line number="162" hits="1" branch="false"/><line number="157" hits="1" branch="false"/><line number="154" hits="1" branch="false"/><line number="161" hits="1" branch="false"/><line number="162" hits="1" branch="false"/><line number="157" hits="1" branch="false"/><line number="160" hits="1" branch="false"/><line number="162" hits="1" branch="false"/><line number="164" hits="1" branch="false"/><line number="157" hits="1" branch="false"/><line number="161" hits="1" branch="false"/><line number="159" hits="1" branch="false"/><line number="160" hits="1" branch="false"/><line number="162" hits="1" branch="false"/><line number="162" hits="1" branch="false"/><line number="164" hits="1" branch="false"/><line number="157" hits="1" branch="false"/><line number="161" hits="1" branch="false"/>
      </lines>
    </method><method name="controllers/Application/update" signature="()V" line-rate="1.00" branch-rate="1.00">
      <lines>
        <line number="109" hits="1" branch="false"/><line number="111" hits="1" branch="false"/><line number="112" hits="1" branch="false"/><line number="104" hits="1" branch="false"/><line number="109" hits="1" branch="false"/><line number="102" hits="1" branch="false"/><line number="114" hits="1" branch="false"/><line number="110" hits="1" branch="false"/><line number="111" hits="1" branch="false"/><line number="109" hits="1" branch="false"/><line number="102" hits="1" branch="false"/><line number="110" hits="1" branch="false"/><line number="112" hits="1" branch="false"/><line number="102" hits="1" branch="false"/><line number="109" hits="1" branch="false"/><line number="101" hits="1" branch="false"/><line number="100" hits="1" branch="false"/><line number="102" hits="1" branch="false"/><line number="109" hits="1" branch="false"/><line number="111" hits="1" branch="false"/><line number="112" hits="1" branch="false"/><line number="109" hits="1" branch="false"/><line number="108" hits="1" branch="false"/><line number="111" hits="1" branch="false"/><line number="114" hits="1" branch="false"/><line number="111" hits="1" branch="false"/><line number="112" hits="1" branch="false"/><line number="104" hits="1" branch="false"/><line number="109" hits="1" branch="false"/><line number="111" hits="1" branch="false"/><line number="114" hits="1" branch="false"/><line number="109" hits="1" branch="false"/><line number="110" hits="1" branch="false"/><line number="102" hits="1" branch="false"/><line number="111" hits="1" branch="false"/><line number="112" hits="1" branch="false"/><line number="102" hits="1" branch="false"/><line number="100" hits="1" branch="false"/><line number="109" hits="1" branch="false"/><line number="112" hits="1" branch="false"/><line number="111" hits="1" branch="false"/><line number="100" hits="1" branch="false"/>
      </lines>
    </method><method name="controllers/Application/&lt;none&gt;" signature="()V" line-rate="1.00" branch-rate="1.00">
      <lines>
        <line number="37" hits="1" branch="false"/><line number="40" hits="1" branch="false"/><line number="44" hits="1" branch="false"/><line number="40" hits="1" branch="false"/><line number="33" hits="1" branch="false"/><line number="45" hits="1" branch="false"/><line number="36" hits="1" branch="false"/><line number="38" hits="1" branch="false"/><line number="34" hits="1" branch="false"/><line number="39" hits="1" branch="false"/><line number="29" hits="1" branch="false"/><line number="37" hits="1" branch="false"/><line number="31" hits="1" branch="false"/><line number="32" hits="1" branch="false"/><line number="35" hits="1" branch="false"/><line number="42" hits="1" branch="false"/><line number="44" hits="1" branch="false"/><line number="31" hits="1" branch="false"/><line number="34" hits="1" branch="false"/><line number="37" hits="1" branch="false"/><line number="40" hits="1" branch="false"/><line number="35" hits="1" branch="false"/><line number="32" hits="1" branch="false"/><line number="45" hits="1" branch="false"/><line number="38" hits="1" branch="false"/><line number="40" hits="1" branch="false"/><line number="33" hits="1" branch="false"/><line number="40" hits="1" branch="false"/><line number="20" hits="1" branch="false"/><line number="36" hits="1" branch="false"/><line number="39" hits="1" branch="false"/><line number="43" hits="1" branch="false"/><line number="38" hits="1" branch="false"/><line number="40" hits="1" branch="false"/><line number="33" hits="1" branch="false"/><line number="36" hits="1" branch="false"/><line number="37" hits="1" branch="false"/><line number="31" hits="1" branch="false"/><line number="34" hits="1" branch="false"/><line number="39" hits="1" branch="false"/><line number="44" hits="1" branch="false"/><line number="35" hits="1" branch="false"/><line number="45" hits="1" branch="false"/><line number="38" hits="1" branch="false"/><line number="40" hits="1" branch="false"/><line number="32" hits="1" branch="false"/>
      </lines>
    </method><method name="controllers/Application/updateprofile" signature="()V" line-rate="1.00" branch-rate="1.00">
      <lines>
        <line number="132" hits="1" branch="false"/><line number="129" hits="1" branch="false"/><line number="134" hits="1" branch="false"/><line number="132" hits="1" branch="false"/><line number="134" hits="1" branch="false"/><line number="131" hits="1" branch="false"/><line number="132" hits="1" branch="false"/><line number="128" hits="1" branch="false"/><line number="132" hits="1" branch="false"/><line number="128" hits="1" branch="false"/><line number="132" hits="1" branch="false"/><line number="131" hits="1" branch="false"/><line number="132" hits="1" branch="false"/><line number="134" hits="1" branch="false"/><line number="132" hits="1" branch="false"/><line number="128" hits="1" branch="false"/><line number="132" hits="1" branch="false"/>
      </lines>
    </method><method name="controllers/Application/register" signature="()V" line-rate="1.00" branch-rate="1.00">
      <lines>
        <line number="143" hits="1" branch="false"/><line number="143" hits="1" branch="false"/><line number="143" hits="1" branch="false"/><line number="143" hits="1" branch="false"/><line number="143" hits="1" branch="false"/><line number="142" hits="1" branch="false"/><line number="143" hits="1" branch="false"/><line number="143" hits="1" branch="false"/><line number="143" hits="1" branch="false"/><line number="143" hits="1" branch="false"/>
      </lines>
    </method><method name="controllers/Application/myprofile" signature="()V" line-rate="1.00" branch-rate="1.00">
      <lines>
        <line number="182" hits="1" branch="false"/><line number="181" hits="1" branch="false"/><line number="182" hits="1" branch="false"/><line number="179" hits="1" branch="false"/><line number="175" hits="1" branch="false"/><line number="181" hits="1" branch="false"/><line number="177" hits="1" branch="false"/><line number="181" hits="1" branch="false"/><line number="181" hits="1" branch="false"/><line number="177" hits="1" branch="false"/><line number="182" hits="1" branch="false"/><line number="181" hits="1" branch="false"/><line number="179" hits="1" branch="false"/><line number="177" hits="1" branch="false"/><line number="176" hits="1" branch="false"/><line number="181" hits="1" branch="false"/><line number="181" hits="1" branch="false"/><line number="177" hits="1" branch="false"/>
      </lines>
    </method><method name="controllers/Application/registerme" signature="()V" line-rate="0.93" branch-rate="0.75">
      <lines>
        <line number="79" hits="1" branch="false"/><line number="80" hits="1" branch="false"/><line number="77" hits="1" branch="false"/><line number="84" hits="1" branch="false"/><line number="69" hits="1" branch="false"/><line number="79" hits="1" branch="false"/><line number="83" hits="0" branch="false"/><line number="76" hits="1" branch="false"/><line number="77" hits="1" branch="false"/><line number="71" hits="1" branch="false"/><line number="84" hits="1" branch="false"/><line number="76" hits="1" branch="false"/><line number="79" hits="1" branch="false"/><line number="84" hits="1" branch="false"/><line number="79" hits="1" branch="false"/><line number="71" hits="1" branch="false"/><line number="82" hits="1" branch="false"/><line number="76" hits="1" branch="false"/><line number="71" hits="1" branch="false"/><line number="83" hits="0" branch="false"/><line number="84" hits="1" branch="false"/><line number="70" hits="1" branch="false"/><line number="80" hits="1" branch="false"/><line number="84" hits="1" branch="false"/><line number="77" hits="1" branch="false"/><line number="79" hits="1" branch="false"/><line number="71" hits="1" branch="false"/><line number="74" hits="1" branch="false"/><line number="77" hits="1" branch="false"/><line number="79" hits="1" branch="false"/><line number="71" hits="1" branch="false"/><line number="69" hits="1" branch="false"/><line number="83" hits="0" branch="false"/><line number="76" hits="1" branch="false"/><line number="84" hits="1" branch="false"/><line number="79" hits="1" branch="false"/><line number="76" hits="1" branch="false"/><line number="74" hits="1" branch="false"/><line number="71" hits="1" branch="false"/><line number="69" hits="1" branch="false"/><line number="77" hits="1" branch="false"/><line number="79" hits="1" branch="false"/><line number="83" hits="0" branch="false"/><line number="84" hits="1" branch="false"/><line number="71" hits="1" branch="false"/><line number="76" hits="1" branch="false"/><line number="79" hits="1" branch="false"/><line number="79" hits="1" branch="false"/><line number="73" hits="1" branch="false"/><line number="76" hits="1" branch="false"/><line number="82" hits="1" branch="false"/><line number="78" hits="1" branch="false"/><line number="77" hits="1" branch="false"/><line number="79" hits="1" branch="false"/><line number="82" hits="1" branch="false"/><line number="76" hits="1" branch="false"/><line number="84" hits="1" branch="false"/><line number="71" hits="1" branch="false"/>
      </lines>
    </method><method name="controllers/Application/logout" signature="()V" line-rate="1.00" branch-rate="1.00">
      <lines>
        <line number="192" hits="1" branch="false"/><line number="192" hits="1" branch="false"/><line number="192" hits="1" branch="false"/><line number="191" hits="1" branch="false"/><line number="191" hits="1" branch="false"/><line number="192" hits="1" branch="false"/><line number="192" hits="1" branch="false"/><line number="190" hits="1" branch="false"/><line number="191" hits="1" branch="false"/><line number="192" hits="1" branch="false"/>
      </lines>
    </method>
      </methods>
      <lines>
        <line number="109" hits="1" branch="false"/><line number="111" hits="1" branch="false"/><line number="162" hits="1" branch="false"/><line number="154" hits="1" branch="false"/><line number="79" hits="1" branch="false"/><line number="80" hits="1" branch="false"/><line number="159" hits="1" branch="false"/><line number="132" hits="1" branch="false"/><line number="161" hits="1" branch="false"/><line number="143" hits="1" branch="false"/><line number="192" hits="1" branch="false"/><line number="157" hits="1" branch="false"/><line number="77" hits="1" branch="false"/><line number="112" hits="1" branch="false"/><line number="129" hits="1" branch="false"/><line number="182" hits="1" branch="false"/><line number="84" hits="1" branch="false"/><line number="69" hits="1" branch="false"/><line number="104" hits="1" branch="false"/><line number="181" hits="1" branch="false"/><line number="37" hits="1" branch="false"/><line number="79" hits="1" branch="false"/><line number="83" hits="0" branch="false"/><line number="109" hits="1" branch="false"/><line number="102" hits="1" branch="false"/><line number="157" hits="1" branch="false"/><line number="134" hits="1" branch="false"/><line number="76" hits="1" branch="false"/><line number="77" hits="1" branch="false"/><line number="143" hits="1" branch="false"/><line number="114" hits="1" branch="false"/><line number="132" hits="1" branch="false"/><line number="55" hits="1" branch="false"/><line number="62" hits="1" branch="false"/><line number="40" hits="1" branch="false"/><line number="71" hits="1" branch="false"/><line number="44" hits="1" branch="false"/><line number="110" hits="1" branch="false"/><line number="84" hits="1" branch="false"/><line number="111" hits="1" branch="false"/><line number="54" hits="1" branch="false"/><line number="62" hits="1" branch="false"/><line number="109" hits="1" branch="false"/><line number="40" hits="1" branch="false"/><line number="33" hits="1" branch="false"/><line number="45" hits="1" branch="false"/><line number="36" hits="1" branch="false"/><line number="38" hits="1" branch="false"/><line number="102" hits="1" branch="false"/><line number="76" hits="1" branch="false"/><line number="79" hits="1" branch="false"/><line number="224" hits="1" branch="false"/><line number="227" hits="1" branch="false"/><line number="84" hits="1" branch="false"/><line number="79" hits="1" branch="false"/><line number="71" hits="1" branch="false"/><line number="82" hits="1" branch="false"/><line number="34" hits="1" branch="false"/><line number="76" hits="1" branch="false"/><line number="62" hits="1" branch="false"/><line number="208" hits="1" branch="false"/><line number="39" hits="1" branch="false"/><line number="29" hits="1" branch="false"/><line number="55" hits="1" branch="false"/><line number="182" hits="1" branch="false"/><line number="192" hits="1" branch="false"/><line number="156" hits="1" branch="false"/><line number="37" hits="1" branch="false"/><line number="31" hits="1" branch="false"/><line number="179" hits="1" branch="false"/><line number="223" hits="1" branch="false"/><line number="71" hits="1" branch="false"/><line number="216" hits="0" branch="false"/><line number="211" hits="1" branch="false"/><line number="32" hits="1" branch="false"/><line number="143" hits="1" branch="false"/><line number="157" hits="1" branch="false"/><line number="212" hits="1" branch="false"/><line number="134" hits="1" branch="false"/><line number="192" hits="1" branch="false"/><line number="161" hits="1" branch="false"/><line number="221" hits="1" branch="false"/><line number="227" hits="1" branch="false"/><line number="131" hits="1" branch="false"/><line number="217" hits="0" branch="false"/><line number="175" hits="1" branch="false"/><line number="35" hits="1" branch="false"/><line number="162" hits="1" branch="false"/><line number="154" hits="1" branch="false"/><line number="160" hits="1" branch="false"/><line number="181" hits="1" branch="false"/><line number="217" hits="0" branch="false"/><line number="110" hits="1" branch="false"/><line number="112" hits="1" branch="false"/><line number="191" hits="1" branch="false"/><line number="164" hits="1" branch="false"/><line number="206" hits="1" branch="false"/><line number="177" hits="1" branch="false"/><line number="102" hits="1" branch="false"/><line number="109" hits="1" branch="false"/><line number="83" hits="0" branch="false"/><line number="161" hits="1" branch="false"/><line number="162" hits="1" branch="false"/><line number="101" hits="1" branch="false"/><line number="132" hits="1" branch="false"/><line number="128" hits="1" branch="false"/><line number="84" hits="1" branch="false"/><line number="143" hits="1" branch="false"/><line number="157" hits="1" branch="false"/><line number="215" hits="1" branch="false"/><line number="181" hits="1" branch="false"/><line number="143" hits="1" branch="false"/><line number="100" hits="1" branch="false"/><line number="132" hits="1" branch="false"/><line number="42" hits="1" branch="false"/><line number="70" hits="1" branch="false"/><line number="102" hits="1" branch="false"/><line number="159" hits="1" branch="false"/><line number="109" hits="1" branch="false"/><line number="161" hits="1" branch="false"/><line number="162" hits="1" branch="false"/><line number="80" hits="1" branch="false"/><line number="84" hits="1" branch="false"/><line number="77" hits="1" branch="false"/><line number="79" hits="1" branch="false"/><line number="142" hits="1" branch="false"/><line number="62" hits="1" branch="false"/><line number="71" hits="1" branch="false"/><line number="74" hits="1" branch="false"/><line number="111" hits="1" branch="false"/><line number="112" hits="1" branch="false"/><line number="77" hits="1" branch="false"/><line number="62" hits="1" branch="false"/><line number="79" hits="1" branch="false"/><line number="71" hits="1" branch="false"/><line number="109" hits="1" branch="false"/><line number="44" hits="1" branch="false"/><line number="55" hits="1" branch="false"/><line number="108" hits="1" branch="false"/><line number="31" hits="1" branch="false"/><line number="34" hits="1" branch="false"/><line number="111" hits="1" branch="false"/><line number="69" hits="1" branch="false"/><line number="114" hits="1" branch="false"/><line number="37" hits="1" branch="false"/><line number="40" hits="1" branch="false"/><line number="83" hits="0" branch="false"/><line number="76" hits="1" branch="false"/><line number="84" hits="1" branch="false"/><line number="35" hits="1" branch="false"/><line number="79" hits="1" branch="false"/><line number="32" hits="1" branch="false"/><line number="76" hits="1" branch="false"/><line number="74" hits="1" branch="false"/><line number="227" hits="1" branch="false"/><line number="71" hits="1" branch="false"/><line number="45" hits="1" branch="false"/><line number="55" hits="1" branch="false"/><line number="217" hits="0" branch="false"/><line number="191" hits="1" branch="false"/><line number="221" hits="1" branch="false"/><line number="204" hits="1" branch="false"/><line number="214" hits="1" branch="false"/><line number="38" hits="1" branch="false"/><line number="40" hits="1" branch="false"/><line number="181" hits="1" branch="false"/><line number="62" hits="1" branch="false"/><line number="33" hits="1" branch="false"/><line number="143" hits="1" branch="false"/><line number="164" hits="1" branch="false"/><line number="40" hits="1" branch="false"/><line number="128" hits="1" branch="false"/><line number="20" hits="1" branch="false"/><line number="161" hits="1" branch="false"/><line number="162" hits="1" branch="false"/><line number="225" hits="1" branch="false"/><line number="157" hits="1" branch="false"/><line number="216" hits="0" branch="false"/><line number="217" hits="0" branch="false"/><line number="192" hits="1" branch="false"/><line number="36" hits="1" branch="false"/><line number="39" hits="1" branch="false"/><line number="208" hits="1" branch="false"/><line number="177" hits="1" branch="false"/><line number="182" hits="1" branch="false"/><line number="221" hits="1" branch="false"/><line number="132" hits="1" branch="false"/><line number="111" hits="1" branch="false"/><line number="143" hits="1" branch="false"/><line number="112" hits="1" branch="false"/><line number="192" hits="1" branch="false"/><line number="154" hits="1" branch="false"/><line number="210" hits="1" branch="false"/><line number="104" hits="1" branch="false"/><line number="109" hits="1" branch="false"/><line number="161" hits="1" branch="false"/><line number="162" hits="1" branch="false"/><line number="227" hits="1" branch="false"/><line number="69" hits="1" branch="false"/><line number="131" hits="1" branch="false"/><line number="181" hits="1" branch="false"/><line number="179" hits="1" branch="false"/><line number="157" hits="1" branch="false"/><line number="160" hits="1" branch="false"/><line number="216" hits="0" branch="false"/><line number="62" hits="1" branch="false"/><line number="162" hits="1" branch="false"/><line number="143" hits="1" branch="false"/><line number="164" hits="1" branch="false"/><line number="77" hits="1" branch="false"/><line number="79" hits="1" branch="false"/><line number="132" hits="1" branch="false"/><line number="134" hits="1" branch="false"/><line number="111" hits="1" branch="false"/><line number="114" hits="1" branch="false"/><line number="109" hits="1" branch="false"/><line number="110" hits="1" branch="false"/><line number="83" hits="0" branch="false"/><line number="84" hits="1" branch="false"/><line number="102" hits="1" branch="false"/><line number="157" hits="1" branch="false"/><line number="161" hits="1" branch="false"/><line number="71" hits="1" branch="false"/><line number="76" hits="1" branch="false"/><line number="177" hits="1" branch="false"/><line number="79" hits="1" branch="false"/><line number="61" hits="1" branch="false"/><line number="79" hits="1" branch="false"/><line number="43" hits="1" branch="false"/><line number="62" hits="1" branch="false"/><line number="132" hits="1" branch="false"/><line number="73" hits="1" branch="false"/><line number="111" hits="1" branch="false"/><line number="76" hits="1" branch="false"/><line number="112" hits="1" branch="false"/><line number="102" hits="1" branch="false"/><line number="100" hits="1" branch="false"/><line number="38" hits="1" branch="false"/><line number="40" hits="1" branch="false"/><line number="109" hits="1" branch="false"/><line number="82" hits="1" branch="false"/><line number="78" hits="1" branch="false"/><line number="33" hits="1" branch="false"/><line number="36" hits="1" branch="false"/><line number="55" hits="1" branch="false"/><line number="37" hits="1" branch="false"/><line number="62" hits="1" branch="false"/><line number="209" hits="1" branch="false"/><line number="216" hits="0" branch="false"/><line number="31" hits="1" branch="false"/><line number="34" hits="1" branch="false"/><line number="77" hits="1" branch="false"/><line number="79" hits="1" branch="false"/><line number="82" hits="1" branch="false"/><line number="76" hits="1" branch="false"/><line number="221" hits="1" branch="false"/><line number="227" hits="1" branch="false"/><line number="39" hits="1" branch="false"/><line number="44" hits="1" branch="false"/><line number="84" hits="1" branch="false"/><line number="71" hits="1" branch="false"/><line number="35" hits="1" branch="false"/><line number="176" hits="1" branch="false"/><line number="45" hits="1" branch="false"/><line number="55" hits="1" branch="false"/><line number="190" hits="1" branch="false"/><line number="38" hits="1" branch="false"/><line number="40" hits="1" branch="false"/><line number="32" hits="1" branch="false"/><line number="191" hits="1" branch="false"/><line number="159" hits="1" branch="false"/><line number="160" hits="1" branch="false"/><line number="217" hits="0" branch="false"/><line number="162" hits="1" branch="false"/><line number="221" hits="1" branch="false"/><line number="227" hits="1" branch="false"/><line number="214" hits="1" branch="false"/><line number="181" hits="1" branch="false"/><line number="128" hits="1" branch="false"/><line number="112" hits="1" branch="false"/><line number="143" hits="1" branch="false"/><line number="208" hits="1" branch="false"/><line number="216" hits="0" branch="false"/><line number="132" hits="1" branch="false"/><line number="111" hits="1" branch="false"/><line number="162" hits="1" branch="false"/><line number="225" hits="1" branch="false"/><line number="100" hits="1" branch="false"/><line number="181" hits="1" branch="false"/><line number="192" hits="1" branch="false"/><line number="164" hits="1" branch="false"/><line number="157" hits="1" branch="false"/><line number="204" hits="1" branch="false"/><line number="177" hits="1" branch="false"/><line number="161" hits="1" branch="false"/><line number="217" hits="0" branch="false"/>
      </lines>
    </class>
      </classes>
    </package><package name="controllers.javascript" line-rate="0.00" branch-rate="0.00" complexity="0">
      <classes>
        <class name="ReverseAssets" filename="target/scala-2.11/src_managed/main/routes_reverseRouting.scala" line-rate="0.00" branch-rate="0.00" complexity="0">
      <methods>
        <method name="controllers.javascript/ReverseAssets/at" signature="()V" line-rate="0.00" branch-rate="0.00">
      <lines>
        <line number="156" hits="0" branch="false"/><line number="153" hits="0" branch="false"/><line number="152" hits="0" branch="false"/>
      </lines>
    </method>
      </methods>
      <lines>
        <line number="156" hits="0" branch="false"/><line number="153" hits="0" branch="false"/><line number="152" hits="0" branch="false"/>
      </lines>
    </class><class name="ReverseApplication" filename="target/scala-2.11/src_managed/main/routes_reverseRouting.scala" line-rate="0.00" branch-rate="0.00" complexity="0">
      <methods>
        <method name="controllers.javascript/ReverseApplication/authenticate" signature="()V" line-rate="0.00" branch-rate="0.00">
      <lines>
        <line number="256" hits="0" branch="false"/><line number="260" hits="0" branch="false"/><line number="257" hits="0" branch="false"/>
      </lines>
    </method><method name="controllers.javascript/ReverseApplication/logout" signature="()V" line-rate="0.00" branch-rate="0.00">
      <lines>
        <line number="212" hits="0" branch="false"/><line number="216" hits="0" branch="false"/><line number="213" hits="0" branch="false"/>
      </lines>
    </method><method name="controllers.javascript/ReverseApplication/uploadFile" signature="()V" line-rate="0.00" branch-rate="0.00">
      <lines>
        <line number="179" hits="0" branch="false"/><line number="183" hits="0" branch="false"/><line number="180" hits="0" branch="false"/>
      </lines>
    </method><method name="controllers.javascript/ReverseApplication/home" signature="()V" line-rate="0.00" branch-rate="0.00">
      <lines>
        <line number="271" hits="0" branch="false"/><line number="268" hits="0" branch="false"/><line number="267" hits="0" branch="false"/>
      </lines>
    </method><method name="controllers.javascript/ReverseApplication/register" signature="()V" line-rate="0.00" branch-rate="0.00">
      <lines>
        <line number="223" hits="0" branch="false"/><line number="227" hits="0" branch="false"/><line number="224" hits="0" branch="false"/>
      </lines>
    </method><method name="controllers.javascript/ReverseApplication/update" signature="()V" line-rate="0.00" branch-rate="0.00">
      <lines>
        <line number="238" hits="0" branch="false"/><line number="235" hits="0" branch="false"/><line number="234" hits="0" branch="false"/>
      </lines>
    </method><method name="controllers.javascript/ReverseApplication/updateprofile" signature="()V" line-rate="0.00" branch-rate="0.00">
      <lines>
        <line number="245" hits="0" branch="false"/><line number="249" hits="0" branch="false"/><line number="246" hits="0" branch="false"/>
      </lines>
    </method><method name="controllers.javascript/ReverseApplication/login" signature="()V" line-rate="0.00" branch-rate="0.00">
      <lines>
        <line number="278" hits="0" branch="false"/><line number="282" hits="0" branch="false"/><line number="279" hits="0" branch="false"/>
      </lines>
    </method><method name="controllers.javascript/ReverseApplication/myprofile" signature="()V" line-rate="0.00" branch-rate="0.00">
      <lines>
        <line number="205" hits="0" branch="false"/><line number="202" hits="0" branch="false"/><line number="201" hits="0" branch="false"/>
      </lines>
    </method><method name="controllers.javascript/ReverseApplication/registerme" signature="()V" line-rate="0.00" branch-rate="0.00">
      <lines>
        <line number="190" hits="0" branch="false"/><line number="194" hits="0" branch="false"/><line number="191" hits="0" branch="false"/>
      </lines>
    </method>
      </methods>
      <lines>
        <line number="245" hits="0" branch="false"/><line number="278" hits="0" branch="false"/><line number="179" hits="0" branch="false"/><line number="212" hits="0" branch="false"/><line number="256" hits="0" branch="false"/><line number="223" hits="0" branch="false"/><line number="190" hits="0" branch="false"/><line number="260" hits="0" branch="false"/><line number="194" hits="0" branch="false"/><line number="227" hits="0" branch="false"/><line number="271" hits="0" branch="false"/><line number="205" hits="0" branch="false"/><line number="238" hits="0" branch="false"/><line number="249" hits="0" branch="false"/><line number="282" hits="0" branch="false"/><line number="183" hits="0" branch="false"/><line number="216" hits="0" branch="false"/><line number="279" hits="0" branch="false"/><line number="246" hits="0" branch="false"/><line number="213" hits="0" branch="false"/><line number="191" hits="0" branch="false"/><line number="224" hits="0" branch="false"/><line number="257" hits="0" branch="false"/><line number="235" hits="0" branch="false"/><line number="268" hits="0" branch="false"/><line number="202" hits="0" branch="false"/><line number="180" hits="0" branch="false"/><line number="234" hits="0" branch="false"/><line number="267" hits="0" branch="false"/><line number="201" hits="0" branch="false"/>
      </lines>
    </class>
      </classes>
    </package><package name="controllers.ref" line-rate="0.00" branch-rate="0.00" complexity="0">
      <classes>
        <class name="ReverseAssets" filename="target/scala-2.11/src_managed/main/routes_reverseRouting.scala" line-rate="0.00" branch-rate="0.00" complexity="0">
      <methods>
        <method name="controllers.ref/ReverseAssets/at" signature="()V" line-rate="0.00" branch-rate="0.00">
      <lines>
        <line number="314" hits="0" branch="false"/><line number="314" hits="0" branch="false"/><line number="314" hits="0" branch="false"/><line number="314" hits="0" branch="false"/><line number="314" hits="0" branch="false"/><line number="314" hits="0" branch="false"/><line number="314" hits="0" branch="false"/><line number="315" hits="0" branch="false"/><line number="314" hits="0" branch="false"/><line number="313" hits="0" branch="false"/><line number="313" hits="0" branch="false"/><line number="314" hits="0" branch="false"/><line number="314" hits="0" branch="false"/>
      </lines>
    </method>
      </methods>
      <lines>
        <line number="314" hits="0" branch="false"/><line number="314" hits="0" branch="false"/><line number="314" hits="0" branch="false"/><line number="314" hits="0" branch="false"/><line number="314" hits="0" branch="false"/><line number="314" hits="0" branch="false"/><line number="314" hits="0" branch="false"/><line number="315" hits="0" branch="false"/><line number="314" hits="0" branch="false"/><line number="313" hits="0" branch="false"/><line number="313" hits="0" branch="false"/><line number="314" hits="0" branch="false"/><line number="314" hits="0" branch="false"/>
      </lines>
    </class><class name="ReverseApplication" filename="target/scala-2.11/src_managed/main/routes_reverseRouting.scala" line-rate="0.00" branch-rate="0.00" complexity="0">
      <methods>
        <method name="controllers.ref/ReverseApplication/login" signature="()V" line-rate="0.00" branch-rate="0.00">
      <lines>
        <line number="391" hits="0" branch="false"/><line number="391" hits="0" branch="false"/><line number="391" hits="0" branch="false"/><line number="391" hits="0" branch="false"/><line number="391" hits="0" branch="false"/><line number="391" hits="0" branch="false"/><line number="391" hits="0" branch="false"/><line number="390" hits="0" branch="false"/><line number="391" hits="0" branch="false"/><line number="390" hits="0" branch="false"/><line number="391" hits="0" branch="false"/><line number="391" hits="0" branch="false"/>
      </lines>
    </method><method name="controllers.ref/ReverseApplication/myprofile" signature="()V" line-rate="0.00" branch-rate="0.00">
      <lines>
        <line number="349" hits="0" branch="false"/><line number="349" hits="0" branch="false"/><line number="349" hits="0" branch="false"/><line number="349" hits="0" branch="false"/><line number="349" hits="0" branch="false"/><line number="349" hits="0" branch="false"/><line number="348" hits="0" branch="false"/><line number="349" hits="0" branch="false"/><line number="349" hits="0" branch="false"/><line number="349" hits="0" branch="false"/><line number="348" hits="0" branch="false"/><line number="349" hits="0" branch="false"/>
      </lines>
    </method><method name="controllers.ref/ReverseApplication/updateprofile" signature="()V" line-rate="0.00" branch-rate="0.00">
      <lines>
[...]
se"/><line number="52" hits="1" branch="false"/><line number="25" hits="1" branch="false"/><line number="63" hits="1" branch="false"/><line number="66" hits="1" branch="false"/><line number="49" hits="1" branch="false"/><line number="35" hits="1" branch="false"/><line number="30" hits="0" branch="false"/><line number="27" hits="1" branch="false"/><line number="66" hits="1" branch="false"/><line number="65" hits="1" branch="false"/><line number="77" hits="1" branch="false"/><line number="27" hits="1" branch="false"/><line number="63" hits="1" branch="false"/><line number="51" hits="1" branch="false"/><line number="65" hits="1" branch="false"/><line number="67" hits="1" branch="false"/><line number="63" hits="1" branch="false"/><line number="37" hits="0" branch="false"/><line number="37" hits="1" branch="false"/><line number="27" hits="1" branch="false"/><line number="34" hits="0" branch="false"/><line number="84" hits="1" branch="false"/><line number="20" hits="1" branch="false"/><line number="45" hits="1" branch="false"/><line number="63" hits="1" branch="false"/><line number="66" hits="1" branch="false"/><line number="45" hits="1" branch="false"/><line number="65" hits="1" branch="false"/><line number="21" hits="1" branch="false"/><line number="45" hits="1" branch="false"/><line number="28" hits="1" branch="false"/><line number="30" hits="0" branch="false"/><line number="77" hits="1" branch="false"/><line number="27" hits="1" branch="false"/><line number="71" hits="1" branch="false"/><line number="41" hits="0" branch="false"/><line number="49" hits="1" branch="false"/><line number="30" hits="1" branch="false"/><line number="37" hits="0" branch="false"/><line number="24" hits="1" branch="false"/><line number="31" hits="0" branch="false"/><line number="27" hits="1" branch="false"/><line number="150" hits="0" branch="false"/><line number="71" hits="1" branch="false"/><line number="74" hits="1" branch="false"/><line number="63" hits="1" branch="false"/><line number="77" hits="1" branch="false"/><line number="45" hits="1" branch="false"/><line number="65" hits="1" branch="false"/><line number="37" hits="0" branch="false"/><line number="66" hits="1" branch="false"/><line number="46" hits="1" branch="false"/><line number="30" hits="0" branch="false"/><line number="30" hits="1" branch="false"/><line number="27" hits="1" branch="false"/>
      </lines>
    </class><class name="scripts" filename="target/scala-2.11/twirl/main/views/html/scripts.template.scala" line-rate="0.99" branch-rate="1.00" complexity="0">
      <methods>
        <method name="views.html/scripts/apply" signature="()V" line-rate="1.00" branch-rate="1.00">
      <lines>
        <line number="30" hits="1" branch="false"/><line number="113" hits="1" branch="false"/><line number="124" hits="1" branch="false"/><line number="25" hits="1" branch="false"/><line number="117" hits="1" branch="false"/><line number="22" hits="1" branch="false"/><line number="106" hits="1" branch="false"/><line number="83" hits="1" branch="false"/><line number="80" hits="1" branch="false"/><line number="90" hits="1" branch="false"/><line number="80" hits="1" branch="false"/><line number="20" hits="1" branch="false"/><line number="113" hits="1" branch="false"/><line number="115" hits="1" branch="false"/><line number="100" hits="1" branch="false"/><line number="120" hits="1" branch="false"/><line number="57" hits="1" branch="false"/><line number="80" hits="1" branch="false"/><line number="116" hits="1" branch="false"/><line number="52" hits="1" branch="false"/><line number="102" hits="1" branch="false"/><line number="107" hits="1" branch="false"/><line number="85" hits="1" branch="false"/><line number="75" hits="1" branch="false"/><line number="94" hits="1" branch="false"/><line number="45" hits="1" branch="false"/><line number="81" hits="1" branch="false"/><line number="113" hits="1" branch="false"/><line number="65" hits="1" branch="false"/><line number="47" hits="1" branch="false"/><line number="121" hits="1" branch="false"/><line number="31" hits="1" branch="false"/><line number="38" hits="1" branch="false"/><line number="54" hits="1" branch="false"/><line number="33" hits="1" branch="false"/><line number="45" hits="1" branch="false"/><line number="45" hits="1" branch="false"/><line number="48" hits="1" branch="false"/><line number="104" hits="1" branch="false"/><line number="80" hits="1" branch="false"/><line number="31" hits="1" branch="false"/><line number="27" hits="1" branch="false"/><line number="82" hits="1" branch="false"/><line number="87" hits="1" branch="false"/><line number="77" hits="1" branch="false"/><line number="95" hits="1" branch="false"/><line number="25" hits="1" branch="false"/><line number="60" hits="1" branch="false"/><line number="69" hits="1" branch="false"/><line number="113" hits="1" branch="false"/><line number="31" hits="1" branch="false"/><line number="34" hits="1" branch="false"/><line number="24" hits="1" branch="false"/><line number="45" hits="1" branch="false"/><line number="26" hits="1" branch="false"/><line number="56" hits="1" branch="false"/><line number="46" hits="1" branch="false"/><line number="50" hits="1" branch="false"/><line number="62" hits="1" branch="false"/><line number="70" hits="1" branch="false"/><line number="41" hits="1" branch="false"/><line number="31" hits="1" branch="false"/><line number="27" hits="1" branch="false"/><line number="32" hits="1" branch="false"/><line number="37" hits="1" branch="false"/><line number="24" hits="1" branch="false"/><line number="113" hits="1" branch="false"/><line number="43" hits="1" branch="false"/><line number="108" hits="1" branch="false"/><line number="86" hits="1" branch="false"/><line number="109" hits="1" branch="false"/><line number="103" hits="1" branch="false"/><line number="95" hits="1" branch="false"/><line number="123" hits="1" branch="false"/><line number="117" hits="1" branch="false"/><line number="122" hits="1" branch="false"/><line number="61" hits="1" branch="false"/><line number="83" hits="1" branch="false"/><line number="22" hits="1" branch="false"/><line number="115" hits="1" branch="false"/><line number="118" hits="1" branch="false"/><line number="50" hits="1" branch="false"/><line number="55" hits="1" branch="false"/><line number="105" hits="1" branch="false"/><line number="113" hits="1" branch="false"/><line number="80" hits="1" branch="false"/><line number="100" hits="1" branch="false"/><line number="80" hits="1" branch="false"/><line number="70" hits="1" branch="false"/><line number="45" hits="1" branch="false"/><line number="89" hits="1" branch="false"/><line number="57" hits="1" branch="false"/><line number="80" hits="1" branch="false"/><line number="45" hits="1" branch="false"/><line number="81" hits="1" branch="false"/><line number="75" hits="1" branch="false"/><line number="51" hits="1" branch="false"/><line number="116" hits="1" branch="false"/><line number="121" hits="1" branch="false"/><line number="107" hits="1" branch="false"/><line number="42" hits="1" branch="false"/><line number="31" hits="1" branch="false"/><line number="32" hits="1" branch="false"/><line number="47" hits="1" branch="false"/><line number="91" hits="1" branch="false"/><line number="101" hits="1" branch="false"/><line number="35" hits="1" branch="false"/><line number="24" hits="1" branch="false"/><line number="26" hits="1" branch="false"/><line number="64" hits="1" branch="false"/><line number="85" hits="1" branch="false"/><line number="33" hits="1" branch="false"/><line number="38" hits="1" branch="false"/><line number="45" hits="1" branch="false"/><line number="82" hits="1" branch="false"/><line number="48" hits="1" branch="false"/><line number="25" hits="1" branch="false"/><line number="27" hits="1" branch="false"/><line number="66" hits="1" branch="false"/><line number="76" hits="1" branch="false"/><line number="53" hits="1" branch="false"/><line number="31" hits="1" branch="false"/><line number="60" hits="1" branch="false"/><line number="45" hits="1" branch="false"/><line number="31" hits="1" branch="false"/><line number="30" hits="1" branch="false"/><line number="46" hits="1" branch="false"/><line number="34" hits="1" branch="false"/><line number="41" hits="1" branch="false"/><line number="26" hits="1" branch="false"/><line number="24" hits="1" branch="false"/><line number="80" hits="1" branch="false"/><line number="115" hits="1" branch="false"/><line number="20" hits="1" branch="false"/><line number="113" hits="1" branch="false"/><line number="106" hits="1" branch="false"/><line number="120" hits="1" branch="false"/><line number="82" hits="1" branch="false"/><line number="65" hits="1" branch="false"/><line number="86" hits="1" branch="false"/><line number="76" hits="1" branch="false"/><line number="45" hits="1" branch="false"/><line number="108" hits="1" branch="false"/><line number="113" hits="1" branch="false"/><line number="103" hits="1" branch="false"/><line number="122" hits="1" branch="false"/><line number="80" hits="1" branch="false"/><line number="94" hits="1" branch="false"/><line number="116" hits="1" branch="false"/><line number="80" hits="1" branch="false"/><line number="113" hits="1" branch="false"/><line number="33" hits="1" branch="false"/><line number="78" hits="1" branch="false"/><line number="104" hits="1" branch="false"/><line number="83" hits="1" branch="false"/><line number="69" hits="1" branch="false"/><line number="77" hits="1" branch="false"/><line number="54" hits="1" branch="false"/><line number="117" hits="1" branch="false"/><line number="113" hits="1" branch="false"/><line number="124" hits="1" branch="false"/><line number="61" hits="1" branch="false"/><line number="46" hits="1" branch="false"/><line number="49" hits="1" branch="false"/><line number="96" hits="1" branch="false"/><line number="39" hits="1" branch="false"/><line number="31" hits="1" branch="false"/><line number="89" hits="1" branch="false"/><line number="34" hits="1" branch="false"/><line number="51" hits="1" branch="false"/><line number="42" hits="1" branch="false"/><line number="81" hits="1" branch="false"/><line number="47" hits="1" branch="false"/><line number="90" hits="1" branch="false"/><line number="101" hits="1" branch="false"/><line number="26" hits="1" branch="false"/><line number="31" hits="1" branch="false"/><line number="84" hits="1" branch="false"/><line number="71" hits="1" branch="false"/><line number="45" hits="1" branch="false"/><line number="24" hits="1" branch="false"/><line number="56" hits="1" branch="false"/><line number="31" hits="1" branch="false"/><line number="64" hits="1" branch="false"/><line number="53" hits="1" branch="false"/><line number="58" hits="1" branch="false"/><line number="44" hits="1" branch="false"/><line number="48" hits="1" branch="false"/><line number="27" hits="1" branch="false"/><line number="32" hits="1" branch="false"/><line number="37" hits="1" branch="false"/><line number="25" hits="1" branch="false"/><line number="43" hits="1" branch="false"/>
      </lines>
    </method><method name="views.html/scripts/f" signature="()V" line-rate="0.00" branch-rate="0.00">
      <lines>
        <line number="132" hits="0" branch="false"/>
      </lines>
    </method><method name="views.html/scripts/render" signature="()V" line-rate="0.00" branch-rate="0.00">
      <lines>
        <line number="130" hits="0" branch="false"/>
      </lines>
    </method>
      </methods>
      <lines>
        <line number="30" hits="1" branch="false"/><line number="113" hits="1" branch="false"/><line number="124" hits="1" branch="false"/><line number="25" hits="1" branch="false"/><line number="117" hits="1" branch="false"/><line number="22" hits="1" branch="false"/><line number="106" hits="1" branch="false"/><line number="83" hits="1" branch="false"/><line number="80" hits="1" branch="false"/><line number="90" hits="1" branch="false"/><line number="80" hits="1" branch="false"/><line number="20" hits="1" branch="false"/><line number="113" hits="1" branch="false"/><line number="115" hits="1" branch="false"/><line number="100" hits="1" branch="false"/><line number="120" hits="1" branch="false"/><line number="57" hits="1" branch="false"/><line number="80" hits="1" branch="false"/><line number="132" hits="0" branch="false"/><line number="116" hits="1" branch="false"/><line number="52" hits="1" branch="false"/><line number="102" hits="1" branch="false"/><line number="107" hits="1" branch="false"/><line number="85" hits="1" branch="false"/><line number="75" hits="1" branch="false"/><line number="94" hits="1" branch="false"/><line number="45" hits="1" branch="false"/><line number="81" hits="1" branch="false"/><line number="113" hits="1" branch="false"/><line number="65" hits="1" branch="false"/><line number="47" hits="1" branch="false"/><line number="121" hits="1" branch="false"/><line number="31" hits="1" branch="false"/><line number="38" hits="1" branch="false"/><line number="54" hits="1" branch="false"/><line number="33" hits="1" branch="false"/><line number="45" hits="1" branch="false"/><line number="45" hits="1" branch="false"/><line number="48" hits="1" branch="false"/><line number="104" hits="1" branch="false"/><line number="80" hits="1" branch="false"/><line number="31" hits="1" branch="false"/><line number="27" hits="1" branch="false"/><line number="82" hits="1" branch="false"/><line number="87" hits="1" branch="false"/><line number="77" hits="1" branch="false"/><line number="95" hits="1" branch="false"/><line number="25" hits="1" branch="false"/><line number="60" hits="1" branch="false"/><line number="69" hits="1" branch="false"/><line number="113" hits="1" branch="false"/><line number="31" hits="1" branch="false"/><line number="34" hits="1" branch="false"/><line number="24" hits="1" branch="false"/><line number="45" hits="1" branch="false"/><line number="26" hits="1" branch="false"/><line number="56" hits="1" branch="false"/><line number="46" hits="1" branch="false"/><line number="50" hits="1" branch="false"/><line number="62" hits="1" branch="false"/><line number="70" hits="1" branch="false"/><line number="41" hits="1" branch="false"/><line number="31" hits="1" branch="false"/><line number="27" hits="1" branch="false"/><line number="32" hits="1" branch="false"/><line number="37" hits="1" branch="false"/><line number="24" hits="1" branch="false"/><line number="113" hits="1" branch="false"/><line number="130" hits="0" branch="false"/><line number="43" hits="1" branch="false"/><line number="108" hits="1" branch="false"/><line number="86" hits="1" branch="false"/><line number="109" hits="1" branch="false"/><line number="103" hits="1" branch="false"/><line number="95" hits="1" branch="false"/><line number="123" hits="1" branch="false"/><line number="117" hits="1" branch="false"/><line number="122" hits="1" branch="false"/><line number="61" hits="1" branch="false"/><line number="83" hits="1" branch="false"/><line number="22" hits="1" branch="false"/><line number="115" hits="1" branch="false"/><line number="118" hits="1" branch="false"/><line number="50" hits="1" branch="false"/><line number="55" hits="1" branch="false"/><line number="105" hits="1" branch="false"/><line number="113" hits="1" branch="false"/><line number="80" hits="1" branch="false"/><line number="100" hits="1" branch="false"/><line number="80" hits="1" branch="false"/><line number="70" hits="1" branch="false"/><line number="45" hits="1" branch="false"/><line number="89" hits="1" branch="false"/><line number="57" hits="1" branch="false"/><line number="80" hits="1" branch="false"/><line number="45" hits="1" branch="false"/><line number="81" hits="1" branch="false"/><line number="75" hits="1" branch="false"/><line number="51" hits="1" branch="false"/><line number="116" hits="1" branch="false"/><line number="121" hits="1" branch="false"/><line number="107" hits="1" branch="false"/><line number="42" hits="1" branch="false"/><line number="31" hits="1" branch="false"/><line number="32" hits="1" branch="false"/><line number="47" hits="1" branch="false"/><line number="91" hits="1" branch="false"/><line number="101" hits="1" branch="false"/><line number="35" hits="1" branch="false"/><line number="24" hits="1" branch="false"/><line number="26" hits="1" branch="false"/><line number="64" hits="1" branch="false"/><line number="85" hits="1" branch="false"/><line number="33" hits="1" branch="false"/><line number="38" hits="1" branch="false"/><line number="45" hits="1" branch="false"/><line number="82" hits="1" branch="false"/><line number="48" hits="1" branch="false"/><line number="25" hits="1" branch="false"/><line number="27" hits="1" branch="false"/><line number="66" hits="1" branch="false"/><line number="76" hits="1" branch="false"/><line number="53" hits="1" branch="false"/><line number="31" hits="1" branch="false"/><line number="60" hits="1" branch="false"/><line number="45" hits="1" branch="false"/><line number="31" hits="1" branch="false"/><line number="30" hits="1" branch="false"/><line number="46" hits="1" branch="false"/><line number="34" hits="1" branch="false"/><line number="41" hits="1" branch="false"/><line number="26" hits="1" branch="false"/><line number="24" hits="1" branch="false"/><line number="80" hits="1" branch="false"/><line number="115" hits="1" branch="false"/><line number="20" hits="1" branch="false"/><line number="113" hits="1" branch="false"/><line number="106" hits="1" branch="false"/><line number="120" hits="1" branch="false"/><line number="82" hits="1" branch="false"/><line number="65" hits="1" branch="false"/><line number="86" hits="1" branch="false"/><line number="76" hits="1" branch="false"/><line number="45" hits="1" branch="false"/><line number="108" hits="1" branch="false"/><line number="113" hits="1" branch="false"/><line number="103" hits="1" branch="false"/><line number="122" hits="1" branch="false"/><line number="80" hits="1" branch="false"/><line number="94" hits="1" branch="false"/><line number="116" hits="1" branch="false"/><line number="80" hits="1" branch="false"/><line number="113" hits="1" branch="false"/><line number="33" hits="1" branch="false"/><line number="78" hits="1" branch="false"/><line number="104" hits="1" branch="false"/><line number="83" hits="1" branch="false"/><line number="69" hits="1" branch="false"/><line number="77" hits="1" branch="false"/><line number="54" hits="1" branch="false"/><line number="117" hits="1" branch="false"/><line number="113" hits="1" branch="false"/><line number="124" hits="1" branch="false"/><line number="61" hits="1" branch="false"/><line number="46" hits="1" branch="false"/><line number="49" hits="1" branch="false"/><line number="96" hits="1" branch="false"/><line number="39" hits="1" branch="false"/><line number="31" hits="1" branch="false"/><line number="89" hits="1" branch="false"/><line number="34" hits="1" branch="false"/><line number="51" hits="1" branch="false"/><line number="42" hits="1" branch="false"/><line number="81" hits="1" branch="false"/><line number="47" hits="1" branch="false"/><line number="90" hits="1" branch="false"/><line number="101" hits="1" branch="false"/><line number="26" hits="1" branch="false"/><line number="31" hits="1" branch="false"/><line number="84" hits="1" branch="false"/><line number="71" hits="1" branch="false"/><line number="45" hits="1" branch="false"/><line number="24" hits="1" branch="false"/><line number="56" hits="1" branch="false"/><line number="31" hits="1" branch="false"/><line number="64" hits="1" branch="false"/><line number="53" hits="1" branch="false"/><line number="58" hits="1" branch="false"/><line number="44" hits="1" branch="false"/><line number="48" hits="1" branch="false"/><line number="27" hits="1" branch="false"/><line number="32" hits="1" branch="false"/><line number="37" hits="1" branch="false"/><line number="25" hits="1" branch="false"/><line number="43" hits="1" branch="false"/>
      </lines>
    </class>
      </classes>
    </package>
      </packages>
    </coverage>